Command: /opt/anaconda3/bin/python /Users/lgandolfi/Desktop/AI/Github/Qiskit-QuantumComputing/MailProgettoTesi/9/qiskit_opt.py --n_servers 1 --n_vms 3 --capacities 11 --vm_allocation_limits 6,6,6 --pi_list 1.0 --pd_list 1.0

vm_allocation_limits : [6, 6, 6]
sum(vm_alloc_limits) : 18 (need >= 10 for server_load)
 Feasibility pre-check passed — proceeding.

/Users/lgandolfi/Desktop/AI/Github/Qiskit-QuantumComputing/MailProgettoTesi/9/qiskit_opt.py:223: DeprecationWarning: The method ``qiskit_optimization.problems.quadratic_program.QuadraticProgram.export_as_lp_string()`` is deprecated as of Qiskit 0.7.0. It will be removed no earlier than 3 months after the release date. Use prettyprint instead.
  print(qp.export_as_lp_string())
=== Quadratic Program (LP) ===
/opt/anaconda3/lib/python3.11/site-packages/scipy/sparse/linalg/_dsolve/linsolve.py:606: SparseEfficiencyWarning: splu converted its input to CSC format
  return splu(A).solve
/opt/anaconda3/lib/python3.11/site-packages/scipy/sparse/linalg/_matfuncs.py:707: SparseEfficiencyWarning: spsolve is more efficient when sparse b is in the CSC matrix format
  return spsolve(Q, P)
/opt/anaconda3/lib/python3.11/site-packages/scipy/sparse/_index.py:174: SparseEfficiencyWarning: Changing the sparsity structure of a csr_matrix is expensive. lil and dok are more efficient.
  self._set_intXint(row, col, x.flat[0])
/Users/lgandolfi/Desktop/AI/Github/Qiskit-QuantumComputing/MailProgettoTesi/9/qiskit_opt.py:346: DeprecationWarning: The method ``qiskit_optimization.problems.quadratic_program.QuadraticProgram.export_as_lp_string()`` is deprecated as of Qiskit 0.7.0. It will be removed no earlier than 3 months after the release date. Use prettyprint instead.
  "qp_lp": qp.export_as_lp_string(),
\ This file has been generated by DOcplex
\ ENCODING=ISO-8859-1
\Problem name: qiskit_server

Minimize
 obj: si0 + [ 2 vj0i0*uj0 + 2 vj1i0*uj1 + 2 vj2i0*uj2 ]/2
Subject To
 cons_server_load_0: vj0i0 + vj1i0 + vj2i0 >= 9.990000000000
 cons_server_on_0: si0 = 1
 cons_vm_alloc_0: vj0i0 <= 6.010000000000
 cons_vm_alloc_1: vj1i0 <= 6.010000000000
 cons_vm_alloc_2: vj2i0 <= 6.010000000000

Bounds
 0 <= si0 <= 1
 0.990000000000 <= uj0
 0.990000000000 <= uj1
 0.990000000000 <= uj2

Binaries
 si0
End


============================================================
 CLASSICAL SOLUTION  (Exact QUBO + COBYLA)
============================================================
ADMM compatibility: 
Time: 0.34s

============================================================
 QUANTUM SOLUTION  (QAOA + COBYLA)
============================================================
Time: 1.46s

============================================================
 COMPARISON
============================================================
Classical -> Objective: 10.8899 | Status: INFEASIBLE
Quantum   -> Objective: 10.8899 | Status: INFEASIBLE

Results saved to : q_20260325_114602_results.json
Chart saved to   : q_20260325_114602_results.png
