Command: /opt/anaconda3/bin/python /Users/lgandolfi/Desktop/AI/Github/Qiskit-QuantumComputing/MailProgettoTesi/9/qiskit_opt.py --n_servers 1 --n_vms 6 --capacities 11 --vm_allocation_limits 6,8,6,8,7,5 --pi_list 1.0 --pd_list 1.0

vm_allocation_limits : [6, 8, 6, 8, 7, 5]
sum(vm_alloc_limits) : 40 (need >= 10 for server_load)
 Feasibility pre-check passed — proceeding.

/Users/lgandolfi/Desktop/AI/Github/Qiskit-QuantumComputing/MailProgettoTesi/9/qiskit_opt.py:223: DeprecationWarning: The method ``qiskit_optimization.problems.quadratic_program.QuadraticProgram.export_as_lp_string()`` is deprecated as of Qiskit 0.7.0. It will be removed no earlier than 3 months after the release date. Use prettyprint instead.
  print(qp.export_as_lp_string())
=== Quadratic Program (LP) ===
/opt/anaconda3/lib/python3.11/site-packages/scipy/sparse/linalg/_dsolve/linsolve.py:606: SparseEfficiencyWarning: splu converted its input to CSC format
  return splu(A).solve
/opt/anaconda3/lib/python3.11/site-packages/scipy/sparse/linalg/_matfuncs.py:707: SparseEfficiencyWarning: spsolve is more efficient when sparse b is in the CSC matrix format
  return spsolve(Q, P)
/opt/anaconda3/lib/python3.11/site-packages/scipy/sparse/_index.py:174: SparseEfficiencyWarning: Changing the sparsity structure of a csr_matrix is expensive. lil and dok are more efficient.
  self._set_intXint(row, col, x.flat[0])
/Users/lgandolfi/Desktop/AI/Github/Qiskit-QuantumComputing/MailProgettoTesi/9/qiskit_opt.py:346: DeprecationWarning: The method ``qiskit_optimization.problems.quadratic_program.QuadraticProgram.export_as_lp_string()`` is deprecated as of Qiskit 0.7.0. It will be removed no earlier than 3 months after the release date. Use prettyprint instead.
  "qp_lp": qp.export_as_lp_string(),
\ This file has been generated by DOcplex
\ ENCODING=ISO-8859-1
\Problem name: qiskit_server

Minimize
 obj: si0 + [ 2 vj0i0*uj0 + 2 vj1i0*uj1 + 2 vj2i0*uj2 + 2 vj3i0*uj3
      + 2 vj4i0*uj4 + 2 vj5i0*uj5 ]/2
Subject To
 cons_server_load_0: vj0i0 + vj1i0 + vj2i0 + vj3i0 + vj4i0 + vj5i0 >= 
                     9.900000000000
 cons_server_on_0: si0 = 1
 cons_vm_alloc_0: vj0i0 <= 6.100000000000
 cons_vm_alloc_1: vj1i0 <= 8.100000000000
 cons_vm_alloc_2: vj2i0 <= 6.100000000000
 cons_vm_alloc_3: vj3i0 <= 8.100000000000
 cons_vm_alloc_4: vj4i0 <= 7.100000000000
 cons_vm_alloc_5: vj5i0 <= 5.100000000000

Bounds
 0 <= si0 <= 1
 0.900000000000 <= uj0
 0.900000000000 <= uj1
 0.900000000000 <= uj2
 0.900000000000 <= uj3
 0.900000000000 <= uj4
 0.900000000000 <= uj5

Binaries
 si0
End


============================================================
 CLASSICAL SOLUTION  (Exact QUBO + COBYLA)
============================================================
ADMM compatibility: 
Time: 0.56s

============================================================
 QUANTUM SOLUTION  (QAOA + COBYLA)
============================================================
Time: 1.76s

============================================================
 COMPARISON
============================================================
Classical -> Objective: 9.9098 | Status: INFEASIBLE
Quantum   -> Objective: 9.9098 | Status: INFEASIBLE

Results saved to : q_20260325_114822_results.json
Chart saved to   : q_20260325_114822_results.png
