Command: C:\Users\lgandolfi\AppData\Local\Programs\Python\Python311\python.exe D:\File Unipr\HPC2026\MailProgettoTesi\qiskit120_fixed.py --n_servers 2 --n_vms 4

C:\Users\lgandolfi\AppData\Local\Programs\Python\Python311\Lib\site-packages\_distutils_hack\__init__.py:30: UserWarning: Setuptools is replacing distutils. Support for replacing an already imported distutils is deprecated. In the future, this condition will fail. Register concerns at https://github.com/pypa/setuptools/issues/new?template=distutils-deprecation.yml
  warnings.warn(
default_vm_alloc      : [8, 9, 12, 10]
vm_allocation_limits  : [8, 9, 12, 10]
D:\File Unipr\HPC2026\MailProgettoTesi\qiskit120_fixed.py:181: DeprecationWarning: The method ``qiskit_optimization.problems.quadratic_program.QuadraticProgram.export_as_lp_string()`` is deprecated as of Qiskit 0.7.0. It will be removed no earlier than 3 months after the release date. Use prettyprint instead.
  print(qp.export_as_lp_string())
=== Quadratic Program (LP) ===
C:\Users\lgandolfi\AppData\Local\Programs\Python\Python311\Lib\site-packages\scipy\sparse\linalg\_dsolve\linsolve.py:597: SparseEfficiencyWarning: splu converted its input to CSC format
  return splu(A).solve
C:\Users\lgandolfi\AppData\Local\Programs\Python\Python311\Lib\site-packages\scipy\sparse\linalg\_matfuncs.py:707: SparseEfficiencyWarning: spsolve is more efficient when sparse b is in the CSC matrix format
  return spsolve(Q, P)
C:\Users\lgandolfi\AppData\Local\Programs\Python\Python311\Lib\site-packages\scipy\sparse\_index.py:168: SparseEfficiencyWarning: Changing the sparsity structure of a csr_matrix is expensive. lil and dok are more efficient.
  self._set_intXint(row, col, x.flat[0])
D:\File Unipr\HPC2026\MailProgettoTesi\qiskit120_fixed.py:303: DeprecationWarning: The method ``qiskit_optimization.problems.quadratic_program.QuadraticProgram.export_as_lp_string()`` is deprecated as of Qiskit 0.7.0. It will be removed no earlier than 3 months after the release date. Use prettyprint instead.
  "qp_lp": qp.export_as_lp_string(),
\ This file has been generated by DOcplex
\ ENCODING=ISO-8859-1
\Problem name: ex120_server

Minimize
 obj: si0 + si1 + [ 2 vj0i0*uj0 + 2 vj0i1*uj0 + 2 vj1i0*uj1 + 2 vj1i1*uj1
      + 2 vj2i0*uj2 + 2 vj2i1*uj2 + 2 vj3i0*uj3 + 2 vj3i1*uj3 ]/2
Subject To
 cons_server_load_0: vj0i0 + vj1i0 + vj2i0 + vj3i0 >= 10
 cons_server_load_1: vj0i1 + vj1i1 + vj2i1 + vj3i1 >= 10
 cons_first3vm_server_0: vj0i0 + vj1i0 + vj2i0 >= 11
 cons_first3vm_server_1: vj0i1 + vj1i1 + vj2i1 >= 11
 cons_server_on_0: si0 = 1
 cons_server_on_1: si1 = 1
 cons_vm_alloc_0: vj0i0 + vj0i1 <= 8
 cons_vm_alloc_1: vj1i0 + vj1i1 <= 9
 cons_vm_alloc_2: vj2i0 + vj2i1 <= 12
 cons_vm_alloc_3: vj3i0 + vj3i1 <= 10
 cons_min_cpu_vm_0: uj0 >= 1
 cons_min_cpu_vm_1: uj1 >= 1
 cons_min_cpu_vm_2: uj2 >= 1
 cons_min_cpu_vm_3: uj3 >= 1

Bounds
 0 <= si0 <= 1
 0 <= si1 <= 1

Binaries
 si0 si1
End


============================================================
  SOLUZIONE CLASSICA  (Exact QUBO + COBYLA)
============================================================
Compatibilità ADMM con il problema:

Tempo: 118.35 secondi

============================================================
  SOLUZIONE QUANTISTICA  (QAOA + COBYLA)
============================================================
Tempo: 2.56 secondi

============================================================
  CONFRONTO
============================================================
Classico -> Obiettivo: 24.0000  | Status: INFEASIBLE
Quantistico -> Obiettivo: 22.0000  | Status: INFEASIBLE
Risultati salvati in: q_20260323_151028_results.json
Immagine combinata salvata in: q_20260323_151028_risultati.png
