Command: C:\Users\lgandolfi\AppData\Local\Programs\Python\Python311\python.exe D:\File Unipr\HPC2026\MailProgettoTesi\qiskit120_fixed.py --n_servers 1 --n_vms 1

C:\Users\lgandolfi\AppData\Local\Programs\Python\Python311\Lib\site-packages\_distutils_hack\__init__.py:30: UserWarning: Setuptools is replacing distutils. Support for replacing an already imported distutils is deprecated. In the future, this condition will fail. Register concerns at https://github.com/pypa/setuptools/issues/new?template=distutils-deprecation.yml
  warnings.warn(
default_vm_alloc      : [9]
vm_allocation_limits  : [9]
D:\File Unipr\HPC2026\MailProgettoTesi\qiskit120_fixed.py:181: DeprecationWarning: The method ``qiskit_optimization.problems.quadratic_program.QuadraticProgram.export_as_lp_string()`` is deprecated as of Qiskit 0.7.0. It will be removed no earlier than 3 months after the release date. Use prettyprint instead.
  print(qp.export_as_lp_string())
=== Quadratic Program (LP) ===
C:\Users\lgandolfi\AppData\Local\Programs\Python\Python311\Lib\site-packages\scipy\sparse\linalg\_dsolve\linsolve.py:597: SparseEfficiencyWarning: splu converted its input to CSC format
  return splu(A).solve
C:\Users\lgandolfi\AppData\Local\Programs\Python\Python311\Lib\site-packages\scipy\sparse\linalg\_matfuncs.py:707: SparseEfficiencyWarning: spsolve is more efficient when sparse b is in the CSC matrix format
  return spsolve(Q, P)
D:\File Unipr\HPC2026\MailProgettoTesi\qiskit120_fixed.py:303: DeprecationWarning: The method ``qiskit_optimization.problems.quadratic_program.QuadraticProgram.export_as_lp_string()`` is deprecated as of Qiskit 0.7.0. It will be removed no earlier than 3 months after the release date. Use prettyprint instead.
  "qp_lp": qp.export_as_lp_string(),
\ This file has been generated by DOcplex
\ ENCODING=ISO-8859-1
\Problem name: ex120_server

Minimize
 obj: si0 + [ 2 vj0i0*uj0 ]/2
Subject To
 cons_server_load_0: vj0i0 >= 10
 cons_first3vm_server_0: vj0i0 >= 11
 cons_server_on_0: si0 = 1
 cons_vm_alloc_0: vj0i0 <= 9
 cons_min_cpu_vm_0: uj0 >= 1

Bounds
 0 <= si0 <= 1

Binaries
 si0
End


============================================================
  SOLUZIONE CLASSICA  (Exact QUBO + COBYLA)
============================================================
Compatibilità ADMM con il problema:

Tempo: 0.09 secondi

============================================================
  SOLUZIONE QUANTISTICA  (QAOA + COBYLA)
============================================================
Tempo: 2.17 secondi

============================================================
  CONFRONTO
============================================================
Classico -> Obiettivo: 1.0000  | Status: INFEASIBLE
Quantistico -> Obiettivo: 0.0000  | Status: INFEASIBLE
Risultati salvati in: q_20260323_145906_results.json
Immagine combinata salvata in: q_20260323_145906_risultati.png
