Command: C:\Users\lgandolfi\AppData\Local\Programs\Python\Python311\python.exe D:\File Unipr\HPC2026\MailProgettoTesi\7\qiskit_opt.py --n_servers 1 --n_vms 2 --capacities 11 --vm_allocation_limits 8,10 --pi_list 1.0 --pd_list 1.0 --fast

C:\Users\lgandolfi\AppData\Local\Programs\Python\Python311\Lib\site-packages\_distutils_hack\__init__.py:30: UserWarning: Setuptools is replacing distutils. Support for replacing an already imported distutils is deprecated. In the future, this condition will fail. Register concerns at https://github.com/pypa/setuptools/issues/new?template=distutils-deprecation.yml
  warnings.warn(
vm_allocation_limits : [8, 10]
sum(vm_alloc_limits) : 18 (need >= 10 for server_load)
 Feasibility pre-check passed — proceeding.

D:\File Unipr\HPC2026\MailProgettoTesi\7\qiskit_opt.py:223: DeprecationWarning: The method ``qiskit_optimization.problems.quadratic_program.QuadraticProgram.export_as_lp_string()`` is deprecated as of Qiskit 0.7.0. It will be removed no earlier than 3 months after the release date. Use prettyprint instead.
  print(qp.export_as_lp_string())
=== Quadratic Program (LP) ===
C:\Users\lgandolfi\AppData\Local\Programs\Python\Python311\Lib\site-packages\scipy\sparse\linalg\_dsolve\linsolve.py:597: SparseEfficiencyWarning: splu converted its input to CSC format
  return splu(A).solve
C:\Users\lgandolfi\AppData\Local\Programs\Python\Python311\Lib\site-packages\scipy\sparse\linalg\_matfuncs.py:707: SparseEfficiencyWarning: spsolve is more efficient when sparse b is in the CSC matrix format
  return spsolve(Q, P)
C:\Users\lgandolfi\AppData\Local\Programs\Python\Python311\Lib\site-packages\scipy\sparse\_index.py:168: SparseEfficiencyWarning: Changing the sparsity structure of a csr_matrix is expensive. lil and dok are more efficient.
  self._set_intXint(row, col, x.flat[0])
D:\File Unipr\HPC2026\MailProgettoTesi\7\qiskit_opt.py:346: DeprecationWarning: The method ``qiskit_optimization.problems.quadratic_program.QuadraticProgram.export_as_lp_string()`` is deprecated as of Qiskit 0.7.0. It will be removed no earlier than 3 months after the release date. Use prettyprint instead.
  "qp_lp": qp.export_as_lp_string(),
\ This file has been generated by DOcplex
\ ENCODING=ISO-8859-1
\Problem name: qiskit_server

Minimize
 obj: si0 + [ 2 vj0i0*uj0 + 2 vj1i0*uj1 ]/2
Subject To
 cons_server_load_0: vj0i0 + vj1i0 >= 10
 cons_server_on_0: si0 = 1
 cons_vm_alloc_0: vj0i0 <= 8
 cons_vm_alloc_1: vj1i0 <= 10
 cons_min_cpu_vm_0: uj0 >= 1
 cons_min_cpu_vm_1: uj1 >= 1

Bounds
 0 <= si0 <= 1
 1 <= uj0
 1 <= uj1

Binaries
 si0
End


============================================================
 CLASSICAL SOLUTION  (Exact QUBO + COBYLA)
============================================================
ADMM compatibility: 
Time: 0.17s

============================================================
 QUANTUM SOLUTION  (QAOA + COBYLA)
============================================================
Time: 1.28s

============================================================
 COMPARISON
============================================================
Classical -> Objective: 11.0000 | Status: SUCCESS
Quantum   -> Objective: 11.0000 | Status: SUCCESS

Results saved to : q_20260324_183053_results.json
Chart saved to   : q_20260324_183053_results.png
