Command: C:\Users\lgandolfi\AppData\Local\Programs\Python\Python311\python.exe D:\File Unipr\HPC2026\MailProgettoTesi\2\qiskit_opt.py --n_servers 1 --n_vms 1 --fast

C:\Users\lgandolfi\AppData\Local\Programs\Python\Python311\Lib\site-packages\_distutils_hack\__init__.py:30: UserWarning: Setuptools is replacing distutils. Support for replacing an already imported distutils is deprecated. In the future, this condition will fail. Register concerns at https://github.com/pypa/setuptools/issues/new?template=distutils-deprecation.yml
  warnings.warn(
default_vm_alloc      : [11]
vm_allocation_limits  : [11]
D:\File Unipr\HPC2026\MailProgettoTesi\2\qiskit_opt.py:219: DeprecationWarning: The method ``qiskit_optimization.problems.quadratic_program.QuadraticProgram.export_as_lp_string()`` is deprecated as of Qiskit 0.7.0. It will be removed no earlier than 3 months after the release date. Use prettyprint instead.
  print(qp.export_as_lp_string())
=== Quadratic Program (LP) ===
C:\Users\lgandolfi\AppData\Local\Programs\Python\Python311\Lib\site-packages\scipy\sparse\linalg\_dsolve\linsolve.py:597: SparseEfficiencyWarning: splu converted its input to CSC format
  return splu(A).solve
C:\Users\lgandolfi\AppData\Local\Programs\Python\Python311\Lib\site-packages\scipy\sparse\linalg\_matfuncs.py:707: SparseEfficiencyWarning: spsolve is more efficient when sparse b is in the CSC matrix format
  return spsolve(Q, P)
D:\File Unipr\HPC2026\MailProgettoTesi\2\qiskit_opt.py:348: DeprecationWarning: The method ``qiskit_optimization.problems.quadratic_program.QuadraticProgram.export_as_lp_string()`` is deprecated as of Qiskit 0.7.0. It will be removed no earlier than 3 months after the release date. Use prettyprint instead.
  "qp_lp": qp.export_as_lp_string(),
\ This file has been generated by DOcplex
\ ENCODING=ISO-8859-1
\Problem name: qiskit_server

Minimize
 obj: si0 + [ 2 vj0i0*uj0 ]/2
Subject To
 cons_server_load_0: vj0i0 >= 10
 cons_first3vm_server_0: vj0i0 >= 11
 cons_server_on_0: si0 = 1
 cons_vm_alloc_0: vj0i0 <= 11
 cons_min_cpu_vm_0: uj0 >= 1

Bounds
 0 <= si0 <= 1

Binaries
 si0
End


============================================================
  CLASSICAL SOLUTION  (Exact QUBO + COBYLA)
============================================================
ADMM compatibility with the problem:

Time: 0.15 seconds

============================================================
  QUANTUM SOLUTION  (QAOA + COBYLA)
============================================================
Time: 0.68 seconds

============================================================
  COMPARISON
============================================================
Classical  -> Objective: 12.0000  | Status: SUCCESS
Quantum    -> Objective: 11.0000  | Status: INFEASIBLE
Results saved to: q_20260323_153955_results.json
Combined chart saved to: q_20260323_153955_results.png
