Command: C:\Users\lgandolfi\AppData\Local\Programs\Python\Python311\python.exe D:\File Unipr\HPC2026\MailProgettoTesi\5\qiskit_opt.py --n_servers 4 --n_vms 3 --capacities 11,11,11,10 --vm_allocation_limits 18,19,17 --pi_list 1.0,1.0,1.0,1.0 --pd_list 1.0,1.0,1.0,1.0 --fast

C:\Users\lgandolfi\AppData\Local\Programs\Python\Python311\Lib\site-packages\_distutils_hack\__init__.py:30: UserWarning: Setuptools is replacing distutils. Support for replacing an already imported distutils is deprecated. In the future, this condition will fail. Register concerns at https://github.com/pypa/setuptools/issues/new?template=distutils-deprecation.yml
  warnings.warn(
vm_allocation_limits  : [18, 19, 17]
sum(vm_alloc_limits)  : 54  (need >= 39 for server_load)
sum(lim[:3])          : 54  (need >= 33 for first3vm)
 Feasibility pre-check passed — proceeding.

D:\File Unipr\HPC2026\MailProgettoTesi\5\qiskit_opt.py:248: DeprecationWarning: The method ``qiskit_optimization.problems.quadratic_program.QuadraticProgram.export_as_lp_string()`` is deprecated as of Qiskit 0.7.0. It will be removed no earlier than 3 months after the release date. Use prettyprint instead.
  print(qp.export_as_lp_string())
=== Quadratic Program (LP) ===
C:\Users\lgandolfi\AppData\Local\Programs\Python\Python311\Lib\site-packages\scipy\sparse\linalg\_dsolve\linsolve.py:597: SparseEfficiencyWarning: splu converted its input to CSC format
  return splu(A).solve
C:\Users\lgandolfi\AppData\Local\Programs\Python\Python311\Lib\site-packages\scipy\sparse\linalg\_matfuncs.py:707: SparseEfficiencyWarning: spsolve is more efficient when sparse b is in the CSC matrix format
  return spsolve(Q, P)
C:\Users\lgandolfi\AppData\Local\Programs\Python\Python311\Lib\site-packages\scipy\sparse\_index.py:168: SparseEfficiencyWarning: Changing the sparsity structure of a csr_matrix is expensive. lil and dok are more efficient.
  self._set_intXint(row, col, x.flat[0])
D:\File Unipr\HPC2026\MailProgettoTesi\5\qiskit_opt.py:370: DeprecationWarning: The method ``qiskit_optimization.problems.quadratic_program.QuadraticProgram.export_as_lp_string()`` is deprecated as of Qiskit 0.7.0. It will be removed no earlier than 3 months after the release date. Use prettyprint instead.
  "qp_lp": qp.export_as_lp_string(),
\ This file has been generated by DOcplex
\ ENCODING=ISO-8859-1
\Problem name: qiskit_server

Minimize
 obj: si0 + si1 + si2 + si3 + [ 2 vj0i0*uj0 + 2 vj0i1*uj0 + 2 vj0i2*uj0
      + 2 vj0i3*uj0 + 2 vj1i0*uj1 + 2 vj1i1*uj1 + 2 vj1i2*uj1 + 2 vj1i3*uj1
      + 2 vj2i0*uj2 + 2 vj2i1*uj2 + 2 vj2i2*uj2 + 2 vj2i3*uj2 ]/2
Subject To
 cons_server_load_0: vj0i0 + vj1i0 + vj2i0 >= 10
 cons_server_load_1: vj0i1 + vj1i1 + vj2i1 >= 10
 cons_server_load_2: vj0i2 + vj1i2 + vj2i2 >= 10
 cons_server_load_3: vj0i3 + vj1i3 + vj2i3 >= 9
 cons_first3vm_server_0: vj0i0 + vj1i0 + vj2i0 >= 11
 cons_first3vm_server_1: vj0i1 + vj1i1 + vj2i1 >= 11
 cons_first3vm_server_2: vj0i2 + vj1i2 + vj2i2 >= 11
 cons_server_on_0: si0 = 1
 cons_server_on_1: si1 = 1
 cons_server_on_2: si2 = 1
 cons_server_on_3: si3 = 1
 cons_vm_alloc_0: vj0i0 + vj0i1 + vj0i2 + vj0i3 <= 18
 cons_vm_alloc_1: vj1i0 + vj1i1 + vj1i2 + vj1i3 <= 19
 cons_vm_alloc_2: vj2i0 + vj2i1 + vj2i2 + vj2i3 <= 17
 cons_min_cpu_vm_0: uj0 >= 1
 cons_min_cpu_vm_1: uj1 >= 1
 cons_min_cpu_vm_2: uj2 >= 1

Bounds
 0 <= si0 <= 1
 0 <= si1 <= 1
 0 <= si2 <= 1
 0 <= si3 <= 1

Binaries
 si0 si1 si2 si3
End


============================================================
  CLASSICAL SOLUTION  (Exact QUBO + COBYLA)
============================================================
ADMM compatibility: 
Time: 1.08s

============================================================
  QUANTUM SOLUTION  (QAOA + COBYLA)
============================================================
Time: 3.61s

============================================================
  COMPARISON
============================================================
Classical  -> Objective: 46.0000  | Status: INFEASIBLE
Quantum    -> Objective: 46.0000  | Status: INFEASIBLE

Results saved to : q_20260324_175236_results.json
Chart saved to   : q_20260324_175236_results.png
