Command: C:\Users\lgandolfi\AppData\Local\Programs\Python\Python311\python.exe D:\File Unipr\HPC2026\MailProgettoTesi\5\qiskit_opt.py --n_servers 5 --n_vms 1 --capacities 11,11,11,10,10 --vm_allocation_limits 61 --pi_list 1.0,1.0,1.0,1.0,1.0 --pd_list 1.0,1.0,1.0,1.0,1.0 --fast

C:\Users\lgandolfi\AppData\Local\Programs\Python\Python311\Lib\site-packages\_distutils_hack\__init__.py:30: UserWarning: Setuptools is replacing distutils. Support for replacing an already imported distutils is deprecated. In the future, this condition will fail. Register concerns at https://github.com/pypa/setuptools/issues/new?template=distutils-deprecation.yml
  warnings.warn(
vm_allocation_limits  : [61]
sum(vm_alloc_limits)  : 61  (need >= 48 for server_load)
sum(lim[:3])          : 61  (need >= 33 for first3vm)
 Feasibility pre-check passed — proceeding.

D:\File Unipr\HPC2026\MailProgettoTesi\5\qiskit_opt.py:248: DeprecationWarning: The method ``qiskit_optimization.problems.quadratic_program.QuadraticProgram.export_as_lp_string()`` is deprecated as of Qiskit 0.7.0. It will be removed no earlier than 3 months after the release date. Use prettyprint instead.
  print(qp.export_as_lp_string())
=== Quadratic Program (LP) ===
C:\Users\lgandolfi\AppData\Local\Programs\Python\Python311\Lib\site-packages\scipy\sparse\linalg\_dsolve\linsolve.py:597: SparseEfficiencyWarning: splu converted its input to CSC format
  return splu(A).solve
C:\Users\lgandolfi\AppData\Local\Programs\Python\Python311\Lib\site-packages\scipy\sparse\linalg\_matfuncs.py:707: SparseEfficiencyWarning: spsolve is more efficient when sparse b is in the CSC matrix format
  return spsolve(Q, P)
C:\Users\lgandolfi\AppData\Local\Programs\Python\Python311\Lib\site-packages\scipy\sparse\_index.py:168: SparseEfficiencyWarning: Changing the sparsity structure of a csr_matrix is expensive. lil and dok are more efficient.
  self._set_intXint(row, col, x.flat[0])
D:\File Unipr\HPC2026\MailProgettoTesi\5\qiskit_opt.py:370: DeprecationWarning: The method ``qiskit_optimization.problems.quadratic_program.QuadraticProgram.export_as_lp_string()`` is deprecated as of Qiskit 0.7.0. It will be removed no earlier than 3 months after the release date. Use prettyprint instead.
  "qp_lp": qp.export_as_lp_string(),
\ This file has been generated by DOcplex
\ ENCODING=ISO-8859-1
\Problem name: qiskit_server

Minimize
 obj: si0 + si1 + si2 + si3 + si4 + [ 2 vj0i0*uj0 + 2 vj0i1*uj0 + 2 vj0i2*uj0
      + 2 vj0i3*uj0 + 2 vj0i4*uj0 ]/2
Subject To
 cons_server_load_0: vj0i0 >= 10
 cons_server_load_1: vj0i1 >= 10
 cons_server_load_2: vj0i2 >= 10
 cons_server_load_3: vj0i3 >= 9
 cons_server_load_4: vj0i4 >= 9
 cons_first3vm_server_0: vj0i0 >= 11
 cons_first3vm_server_1: vj0i1 >= 11
 cons_first3vm_server_2: vj0i2 >= 11
 cons_server_on_0: si0 = 1
 cons_server_on_1: si1 = 1
 cons_server_on_2: si2 = 1
 cons_server_on_3: si3 = 1
 cons_server_on_4: si4 = 1
 cons_vm_alloc_0: vj0i0 + vj0i1 + vj0i2 + vj0i3 + vj0i4 <= 61
 cons_min_cpu_vm_0: uj0 >= 1

Bounds
 0 <= si0 <= 1
 0 <= si1 <= 1
 0 <= si2 <= 1
 0 <= si3 <= 1
 0 <= si4 <= 1

Binaries
 si0 si1 si2 si3 si4
End


============================================================
  CLASSICAL SOLUTION  (Exact QUBO + COBYLA)
============================================================
ADMM compatibility: 
Time: 0.96s

============================================================
  QUANTUM SOLUTION  (QAOA + COBYLA)
============================================================
Time: 9.38s

============================================================
  COMPARISON
============================================================
Classical  -> Objective: 56.0000  | Status: SUCCESS
Quantum    -> Objective: 56.0000  | Status: SUCCESS

Results saved to : q_20260324_175326_results.json
Chart saved to   : q_20260324_175326_results.png
