Command: /opt/anaconda3/bin/python /Users/lgandolfi/Desktop/AI/Github/Qiskit-QuantumComputing/qiskit_python/qiskit120_fixed.py --n_servers 6 --n_vms 6

default_vm_alloc      : [8, 10, 12, 11, 9, 9]
vm_allocation_limits  : [8, 10, 12, 11, 9, 9]
/Users/lgandolfi/Desktop/AI/Github/Qiskit-QuantumComputing/qiskit_python/qiskit120_fixed.py:181: DeprecationWarning: The method ``qiskit_optimization.problems.quadratic_program.QuadraticProgram.export_as_lp_string()`` is deprecated as of Qiskit 0.7.0. It will be removed no earlier than 3 months after the release date. Use prettyprint instead.
  print(qp.export_as_lp_string())
=== Quadratic Program (LP) ===
/opt/anaconda3/lib/python3.11/site-packages/scipy/sparse/linalg/_dsolve/linsolve.py:606: SparseEfficiencyWarning: splu converted its input to CSC format
  return splu(A).solve
/opt/anaconda3/lib/python3.11/site-packages/scipy/sparse/linalg/_matfuncs.py:707: SparseEfficiencyWarning: spsolve is more efficient when sparse b is in the CSC matrix format
  return spsolve(Q, P)
/opt/anaconda3/lib/python3.11/site-packages/scipy/sparse/_index.py:174: SparseEfficiencyWarning: Changing the sparsity structure of a csr_matrix is expensive. lil and dok are more efficient.
  self._set_intXint(row, col, x.flat[0])
/opt/anaconda3/lib/python3.11/site-packages/scipy/sparse/linalg/_dsolve/linsolve.py:606: SparseEfficiencyWarning: splu converted its input to CSC format
  return splu(A).solve
/opt/anaconda3/lib/python3.11/site-packages/scipy/sparse/linalg/_matfuncs.py:707: SparseEfficiencyWarning: spsolve is more efficient when sparse b is in the CSC matrix format
  return spsolve(Q, P)
/opt/anaconda3/lib/python3.11/site-packages/scipy/sparse/_index.py:174: SparseEfficiencyWarning: Changing the sparsity structure of a csr_matrix is expensive. lil and dok are more efficient.
  self._set_intXint(row, col, x.flat[0])
/opt/anaconda3/lib/python3.11/site-packages/scipy/sparse/linalg/_dsolve/linsolve.py:606: SparseEfficiencyWarning: splu converted its input to CSC format
  return splu(A).solve
/opt/anaconda3/lib/python3.11/site-packages/scipy/sparse/linalg/_matfuncs.py:707: SparseEfficiencyWarning: spsolve is more efficient when sparse b is in the CSC matrix format
  return spsolve(Q, P)
/opt/anaconda3/lib/python3.11/site-packages/scipy/sparse/_index.py:174: SparseEfficiencyWarning: Changing the sparsity structure of a csr_matrix is expensive. lil and dok are more efficient.
  self._set_intXint(row, col, x.flat[0])
/opt/anaconda3/lib/python3.11/site-packages/scipy/sparse/linalg/_dsolve/linsolve.py:606: SparseEfficiencyWarning: splu converted its input to CSC format
  return splu(A).solve
/opt/anaconda3/lib/python3.11/site-packages/scipy/sparse/linalg/_matfuncs.py:707: SparseEfficiencyWarning: spsolve is more efficient when sparse b is in the CSC matrix format
  return spsolve(Q, P)
/opt/anaconda3/lib/python3.11/site-packages/scipy/sparse/_index.py:174: SparseEfficiencyWarning: Changing the sparsity structure of a csr_matrix is expensive. lil and dok are more efficient.
  self._set_intXint(row, col, x.flat[0])
/opt/anaconda3/lib/python3.11/site-packages/scipy/sparse/linalg/_dsolve/linsolve.py:606: SparseEfficiencyWarning: splu converted its input to CSC format
  return splu(A).solve
/opt/anaconda3/lib/python3.11/site-packages/scipy/sparse/linalg/_matfuncs.py:707: SparseEfficiencyWarning: spsolve is more efficient when sparse b is in the CSC matrix format
  return spsolve(Q, P)
/opt/anaconda3/lib/python3.11/site-packages/scipy/sparse/_index.py:174: SparseEfficiencyWarning: Changing the sparsity structure of a csr_matrix is expensive. lil and dok are more efficient.
  self._set_intXint(row, col, x.flat[0])
/opt/anaconda3/lib/python3.11/site-packages/scipy/sparse/linalg/_dsolve/linsolve.py:606: SparseEfficiencyWarning: splu converted its input to CSC format
  return splu(A).solve
/opt/anaconda3/lib/python3.11/site-packages/scipy/sparse/linalg/_matfuncs.py:707: SparseEfficiencyWarning: spsolve is more efficient when sparse b is in the CSC matrix format
  return spsolve(Q, P)
/opt/anaconda3/lib/python3.11/site-packages/scipy/sparse/_index.py:174: SparseEfficiencyWarning: Changing the sparsity structure of a csr_matrix is expensive. lil and dok are more efficient.
  self._set_intXint(row, col, x.flat[0])
/opt/anaconda3/lib/python3.11/site-packages/scipy/sparse/linalg/_dsolve/linsolve.py:606: SparseEfficiencyWarning: splu converted its input to CSC format
  return splu(A).solve
/opt/anaconda3/lib/python3.11/site-packages/scipy/sparse/linalg/_matfuncs.py:707: SparseEfficiencyWarning: spsolve is more efficient when sparse b is in the CSC matrix format
  return spsolve(Q, P)
/opt/anaconda3/lib/python3.11/site-packages/scipy/sparse/_index.py:174: SparseEfficiencyWarning: Changing the sparsity structure of a csr_matrix is expensive. lil and dok are more efficient.
  self._set_intXint(row, col, x.flat[0])
/opt/anaconda3/lib/python3.11/site-packages/scipy/sparse/linalg/_dsolve/linsolve.py:606: SparseEfficiencyWarning: splu converted its input to CSC format
  return splu(A).solve
/opt/anaconda3/lib/python3.11/site-packages/scipy/sparse/linalg/_matfuncs.py:707: SparseEfficiencyWarning: spsolve is more efficient when sparse b is in the CSC matrix format
  return spsolve(Q, P)
/opt/anaconda3/lib/python3.11/site-packages/scipy/sparse/_index.py:174: SparseEfficiencyWarning: Changing the sparsity structure of a csr_matrix is expensive. lil and dok are more efficient.
  self._set_intXint(row, col, x.flat[0])
/opt/anaconda3/lib/python3.11/site-packages/scipy/sparse/linalg/_dsolve/linsolve.py:606: SparseEfficiencyWarning: splu converted its input to CSC format
  return splu(A).solve
/opt/anaconda3/lib/python3.11/site-packages/scipy/sparse/linalg/_matfuncs.py:707: SparseEfficiencyWarning: spsolve is more efficient when sparse b is in the CSC matrix format
  return spsolve(Q, P)
/opt/anaconda3/lib/python3.11/site-packages/scipy/sparse/_index.py:174: SparseEfficiencyWarning: Changing the sparsity structure of a csr_matrix is expensive. lil and dok are more efficient.
  self._set_intXint(row, col, x.flat[0])
/opt/anaconda3/lib/python3.11/site-packages/scipy/sparse/linalg/_dsolve/linsolve.py:606: SparseEfficiencyWarning: splu converted its input to CSC format
  return splu(A).solve
/opt/anaconda3/lib/python3.11/site-packages/scipy/sparse/linalg/_matfuncs.py:707: SparseEfficiencyWarning: spsolve is more efficient when sparse b is in the CSC matrix format
  return spsolve(Q, P)
/opt/anaconda3/lib/python3.11/site-packages/scipy/sparse/_index.py:174: SparseEfficiencyWarning: Changing the sparsity structure of a csr_matrix is expensive. lil and dok are more efficient.
  self._set_intXint(row, col, x.flat[0])
/opt/anaconda3/lib/python3.11/site-packages/scipy/sparse/linalg/_dsolve/linsolve.py:606: SparseEfficiencyWarning: splu converted its input to CSC format
  return splu(A).solve
/opt/anaconda3/lib/python3.11/site-packages/scipy/sparse/linalg/_matfuncs.py:707: SparseEfficiencyWarning: spsolve is more efficient when sparse b is in the CSC matrix format
  return spsolve(Q, P)
/opt/anaconda3/lib/python3.11/site-packages/scipy/sparse/_index.py:174: SparseEfficiencyWarning: Changing the sparsity structure of a csr_matrix is expensive. lil and dok are more efficient.
  self._set_intXint(row, col, x.flat[0])
/opt/anaconda3/lib/python3.11/site-packages/scipy/sparse/linalg/_dsolve/linsolve.py:606: SparseEfficiencyWarning: splu converted its input to CSC format
  return splu(A).solve
/opt/anaconda3/lib/python3.11/site-packages/scipy/sparse/linalg/_matfuncs.py:707: SparseEfficiencyWarning: spsolve is more efficient when sparse b is in the CSC matrix format
  return spsolve(Q, P)
/opt/anaconda3/lib/python3.11/site-packages/scipy/sparse/_index.py:174: SparseEfficiencyWarning: Changing the sparsity structure of a csr_matrix is expensive. lil and dok are more efficient.
  self._set_intXint(row, col, x.flat[0])
/opt/anaconda3/lib/python3.11/site-packages/scipy/sparse/linalg/_dsolve/linsolve.py:606: SparseEfficiencyWarning: splu converted its input to CSC format
  return splu(A).solve
/opt/anaconda3/lib/python3.11/site-packages/scipy/sparse/linalg/_matfuncs.py:707: SparseEfficiencyWarning: spsolve is more efficient when sparse b is in the CSC matrix format
  return spsolve(Q, P)
/opt/anaconda3/lib/python3.11/site-packages/scipy/sparse/_index.py:174: SparseEfficiencyWarning: Changing the sparsity structure of a csr_matrix is expensive. lil and dok are more efficient.
  self._set_intXint(row, col, x.flat[0])
/opt/anaconda3/lib/python3.11/site-packages/scipy/sparse/linalg/_dsolve/linsolve.py:606: SparseEfficiencyWarning: splu converted its input to CSC format
  return splu(A).solve
/opt/anaconda3/lib/python3.11/site-packages/scipy/sparse/linalg/_matfuncs.py:707: SparseEfficiencyWarning: spsolve is more efficient when sparse b is in the CSC matrix format
  return spsolve(Q, P)
/opt/anaconda3/lib/python3.11/site-packages/scipy/sparse/_index.py:174: SparseEfficiencyWarning: Changing the sparsity structure of a csr_matrix is expensive. lil and dok are more efficient.
  self._set_intXint(row, col, x.flat[0])
/opt/anaconda3/lib/python3.11/site-packages/scipy/sparse/linalg/_dsolve/linsolve.py:606: SparseEfficiencyWarning: splu converted its input to CSC format
  return splu(A).solve
/opt/anaconda3/lib/python3.11/site-packages/scipy/sparse/linalg/_matfuncs.py:707: SparseEfficiencyWarning: spsolve is more efficient when sparse b is in the CSC matrix format
  return spsolve(Q, P)
/opt/anaconda3/lib/python3.11/site-packages/scipy/sparse/_index.py:174: SparseEfficiencyWarning: Changing the sparsity structure of a csr_matrix is expensive. lil and dok are more efficient.
  self._set_intXint(row, col, x.flat[0])
/opt/anaconda3/lib/python3.11/site-packages/scipy/sparse/linalg/_dsolve/linsolve.py:606: SparseEfficiencyWarning: splu converted its input to CSC format
  return splu(A).solve
/opt/anaconda3/lib/python3.11/site-packages/scipy/sparse/linalg/_matfuncs.py:707: SparseEfficiencyWarning: spsolve is more efficient when sparse b is in the CSC matrix format
  return spsolve(Q, P)
/opt/anaconda3/lib/python3.11/site-packages/scipy/sparse/_index.py:174: SparseEfficiencyWarning: Changing the sparsity structure of a csr_matrix is expensive. lil and dok are more efficient.
  self._set_intXint(row, col, x.flat[0])
/opt/anaconda3/lib/python3.11/site-packages/scipy/sparse/linalg/_dsolve/linsolve.py:606: SparseEfficiencyWarning: splu converted its input to CSC format
  return splu(A).solve
/opt/anaconda3/lib/python3.11/site-packages/scipy/sparse/linalg/_matfuncs.py:707: SparseEfficiencyWarning: spsolve is more efficient when sparse b is in the CSC matrix format
  return spsolve(Q, P)
/opt/anaconda3/lib/python3.11/site-packages/scipy/sparse/_index.py:174: SparseEfficiencyWarning: Changing the sparsity structure of a csr_matrix is expensive. lil and dok are more efficient.
  self._set_intXint(row, col, x.flat[0])
/opt/anaconda3/lib/python3.11/site-packages/scipy/sparse/linalg/_dsolve/linsolve.py:606: SparseEfficiencyWarning: splu converted its input to CSC format
  return splu(A).solve
/opt/anaconda3/lib/python3.11/site-packages/scipy/sparse/linalg/_matfuncs.py:707: SparseEfficiencyWarning: spsolve is more efficient when sparse b is in the CSC matrix format
  return spsolve(Q, P)
/opt/anaconda3/lib/python3.11/site-packages/scipy/sparse/_index.py:174: SparseEfficiencyWarning: Changing the sparsity structure of a csr_matrix is expensive. lil and dok are more efficient.
  self._set_intXint(row, col, x.flat[0])
/opt/anaconda3/lib/python3.11/site-packages/scipy/sparse/linalg/_dsolve/linsolve.py:606: SparseEfficiencyWarning: splu converted its input to CSC format
  return splu(A).solve
/opt/anaconda3/lib/python3.11/site-packages/scipy/sparse/linalg/_matfuncs.py:707: SparseEfficiencyWarning: spsolve is more efficient when sparse b is in the CSC matrix format
  return spsolve(Q, P)
/opt/anaconda3/lib/python3.11/site-packages/scipy/sparse/_index.py:174: SparseEfficiencyWarning: Changing the sparsity structure of a csr_matrix is expensive. lil and dok are more efficient.
  self._set_intXint(row, col, x.flat[0])
/opt/anaconda3/lib/python3.11/site-packages/scipy/sparse/linalg/_dsolve/linsolve.py:606: SparseEfficiencyWarning: splu converted its input to CSC format
  return splu(A).solve
/opt/anaconda3/lib/python3.11/site-packages/scipy/sparse/linalg/_matfuncs.py:707: SparseEfficiencyWarning: spsolve is more efficient when sparse b is in the CSC matrix format
  return spsolve(Q, P)
/opt/anaconda3/lib/python3.11/site-packages/scipy/sparse/_index.py:174: SparseEfficiencyWarning: Changing the sparsity structure of a csr_matrix is expensive. lil and dok are more efficient.
  self._set_intXint(row, col, x.flat[0])
/opt/anaconda3/lib/python3.11/site-packages/scipy/sparse/linalg/_dsolve/linsolve.py:606: SparseEfficiencyWarning: splu converted its input to CSC format
  return splu(A).solve
/opt/anaconda3/lib/python3.11/site-packages/scipy/sparse/linalg/_matfuncs.py:707: SparseEfficiencyWarning: spsolve is more efficient when sparse b is in the CSC matrix format
  return spsolve(Q, P)
/opt/anaconda3/lib/python3.11/site-packages/scipy/sparse/_index.py:174: SparseEfficiencyWarning: Changing the sparsity structure of a csr_matrix is expensive. lil and dok are more efficient.
  self._set_intXint(row, col, x.flat[0])
/opt/anaconda3/lib/python3.11/site-packages/scipy/sparse/linalg/_dsolve/linsolve.py:606: SparseEfficiencyWarning: splu converted its input to CSC format
  return splu(A).solve
/opt/anaconda3/lib/python3.11/site-packages/scipy/sparse/linalg/_matfuncs.py:707: SparseEfficiencyWarning: spsolve is more efficient when sparse b is in the CSC matrix format
  return spsolve(Q, P)
/opt/anaconda3/lib/python3.11/site-packages/scipy/sparse/_index.py:174: SparseEfficiencyWarning: Changing the sparsity structure of a csr_matrix is expensive. lil and dok are more efficient.
  self._set_intXint(row, col, x.flat[0])
/opt/anaconda3/lib/python3.11/site-packages/scipy/sparse/linalg/_dsolve/linsolve.py:606: SparseEfficiencyWarning: splu converted its input to CSC format
  return splu(A).solve
/opt/anaconda3/lib/python3.11/site-packages/scipy/sparse/linalg/_matfuncs.py:707: SparseEfficiencyWarning: spsolve is more efficient when sparse b is in the CSC matrix format
  return spsolve(Q, P)
/opt/anaconda3/lib/python3.11/site-packages/scipy/sparse/_index.py:174: SparseEfficiencyWarning: Changing the sparsity structure of a csr_matrix is expensive. lil and dok are more efficient.
  self._set_intXint(row, col, x.flat[0])
/opt/anaconda3/lib/python3.11/site-packages/scipy/sparse/linalg/_dsolve/linsolve.py:606: SparseEfficiencyWarning: splu converted its input to CSC format
  return splu(A).solve
/opt/anaconda3/lib/python3.11/site-packages/scipy/sparse/linalg/_matfuncs.py:707: SparseEfficiencyWarning: spsolve is more efficient when sparse b is in the CSC matrix format
  return spsolve(Q, P)
/opt/anaconda3/lib/python3.11/site-packages/scipy/sparse/_index.py:174: SparseEfficiencyWarning: Changing the sparsity structure of a csr_matrix is expensive. lil and dok are more efficient.
  self._set_intXint(row, col, x.flat[0])
/opt/anaconda3/lib/python3.11/site-packages/scipy/sparse/linalg/_dsolve/linsolve.py:606: SparseEfficiencyWarning: splu converted its input to CSC format
  return splu(A).solve
/opt/anaconda3/lib/python3.11/site-packages/scipy/sparse/linalg/_matfuncs.py:707: SparseEfficiencyWarning: spsolve is more efficient when sparse b is in the CSC matrix format
  return spsolve(Q, P)
/opt/anaconda3/lib/python3.11/site-packages/scipy/sparse/_index.py:174: SparseEfficiencyWarning: Changing the sparsity structure of a csr_matrix is expensive. lil and dok are more efficient.
  self._set_intXint(row, col, x.flat[0])
/opt/anaconda3/lib/python3.11/site-packages/scipy/sparse/linalg/_dsolve/linsolve.py:606: SparseEfficiencyWarning: splu converted its input to CSC format
  return splu(A).solve
/opt/anaconda3/lib/python3.11/site-packages/scipy/sparse/linalg/_matfuncs.py:707: SparseEfficiencyWarning: spsolve is more efficient when sparse b is in the CSC matrix format
  return spsolve(Q, P)
/opt/anaconda3/lib/python3.11/site-packages/scipy/sparse/_index.py:174: SparseEfficiencyWarning: Changing the sparsity structure of a csr_matrix is expensive. lil and dok are more efficient.
  self._set_intXint(row, col, x.flat[0])
/opt/anaconda3/lib/python3.11/site-packages/scipy/sparse/linalg/_dsolve/linsolve.py:606: SparseEfficiencyWarning: splu converted its input to CSC format
  return splu(A).solve
/opt/anaconda3/lib/python3.11/site-packages/scipy/sparse/linalg/_matfuncs.py:707: SparseEfficiencyWarning: spsolve is more efficient when sparse b is in the CSC matrix format
  return spsolve(Q, P)
/opt/anaconda3/lib/python3.11/site-packages/scipy/sparse/_index.py:174: SparseEfficiencyWarning: Changing the sparsity structure of a csr_matrix is expensive. lil and dok are more efficient.
  self._set_intXint(row, col, x.flat[0])
/opt/anaconda3/lib/python3.11/site-packages/scipy/sparse/linalg/_dsolve/linsolve.py:606: SparseEfficiencyWarning: splu converted its input to CSC format
  return splu(A).solve
/opt/anaconda3/lib/python3.11/site-packages/scipy/sparse/linalg/_matfuncs.py:707: SparseEfficiencyWarning: spsolve is more efficient when sparse b is in the CSC matrix format
  return spsolve(Q, P)
/opt/anaconda3/lib/python3.11/site-packages/scipy/sparse/_index.py:174: SparseEfficiencyWarning: Changing the sparsity structure of a csr_matrix is expensive. lil and dok are more efficient.
  self._set_intXint(row, col, x.flat[0])
/opt/anaconda3/lib/python3.11/site-packages/scipy/sparse/linalg/_dsolve/linsolve.py:606: SparseEfficiencyWarning: splu converted its input to CSC format
  return splu(A).solve
/opt/anaconda3/lib/python3.11/site-packages/scipy/sparse/linalg/_matfuncs.py:707: SparseEfficiencyWarning: spsolve is more efficient when sparse b is in the CSC matrix format
  return spsolve(Q, P)
/opt/anaconda3/lib/python3.11/site-packages/scipy/sparse/_index.py:174: SparseEfficiencyWarning: Changing the sparsity structure of a csr_matrix is expensive. lil and dok are more efficient.
  self._set_intXint(row, col, x.flat[0])
/opt/anaconda3/lib/python3.11/site-packages/scipy/sparse/linalg/_dsolve/linsolve.py:606: SparseEfficiencyWarning: splu converted its input to CSC format
  return splu(A).solve
/opt/anaconda3/lib/python3.11/site-packages/scipy/sparse/linalg/_matfuncs.py:707: SparseEfficiencyWarning: spsolve is more efficient when sparse b is in the CSC matrix format
  return spsolve(Q, P)
/opt/anaconda3/lib/python3.11/site-packages/scipy/sparse/_index.py:174: SparseEfficiencyWarning: Changing the sparsity structure of a csr_matrix is expensive. lil and dok are more efficient.
  self._set_intXint(row, col, x.flat[0])
/opt/anaconda3/lib/python3.11/site-packages/scipy/sparse/linalg/_dsolve/linsolve.py:606: SparseEfficiencyWarning: splu converted its input to CSC format
  return splu(A).solve
/opt/anaconda3/lib/python3.11/site-packages/scipy/sparse/linalg/_matfuncs.py:707: SparseEfficiencyWarning: spsolve is more efficient when sparse b is in the CSC matrix format
  return spsolve(Q, P)
/opt/anaconda3/lib/python3.11/site-packages/scipy/sparse/_index.py:174: SparseEfficiencyWarning: Changing the sparsity structure of a csr_matrix is expensive. lil and dok are more efficient.
  self._set_intXint(row, col, x.flat[0])
/opt/anaconda3/lib/python3.11/site-packages/scipy/sparse/linalg/_dsolve/linsolve.py:606: SparseEfficiencyWarning: splu converted its input to CSC format
  return splu(A).solve
/opt/anaconda3/lib/python3.11/site-packages/scipy/sparse/linalg/_matfuncs.py:707: SparseEfficiencyWarning: spsolve is more efficient when sparse b is in the CSC matrix format
  return spsolve(Q, P)
/opt/anaconda3/lib/python3.11/site-packages/scipy/sparse/_index.py:174: SparseEfficiencyWarning: Changing the sparsity structure of a csr_matrix is expensive. lil and dok are more efficient.
  self._set_intXint(row, col, x.flat[0])
/opt/anaconda3/lib/python3.11/site-packages/scipy/sparse/linalg/_dsolve/linsolve.py:606: SparseEfficiencyWarning: splu converted its input to CSC format
  return splu(A).solve
/opt/anaconda3/lib/python3.11/site-packages/scipy/sparse/linalg/_matfuncs.py:707: SparseEfficiencyWarning: spsolve is more efficient when sparse b is in the CSC matrix format
  return spsolve(Q, P)
/opt/anaconda3/lib/python3.11/site-packages/scipy/sparse/_index.py:174: SparseEfficiencyWarning: Changing the sparsity structure of a csr_matrix is expensive. lil and dok are more efficient.
  self._set_intXint(row, col, x.flat[0])
/opt/anaconda3/lib/python3.11/site-packages/scipy/sparse/linalg/_dsolve/linsolve.py:606: SparseEfficiencyWarning: splu converted its input to CSC format
  return splu(A).solve
/opt/anaconda3/lib/python3.11/site-packages/scipy/sparse/linalg/_matfuncs.py:707: SparseEfficiencyWarning: spsolve is more efficient when sparse b is in the CSC matrix format
  return spsolve(Q, P)
/opt/anaconda3/lib/python3.11/site-packages/scipy/sparse/_index.py:174: SparseEfficiencyWarning: Changing the sparsity structure of a csr_matrix is expensive. lil and dok are more efficient.
  self._set_intXint(row, col, x.flat[0])
/opt/anaconda3/lib/python3.11/site-packages/scipy/sparse/linalg/_dsolve/linsolve.py:606: SparseEfficiencyWarning: splu converted its input to CSC format
  return splu(A).solve
/opt/anaconda3/lib/python3.11/site-packages/scipy/sparse/linalg/_matfuncs.py:707: SparseEfficiencyWarning: spsolve is more efficient when sparse b is in the CSC matrix format
  return spsolve(Q, P)
/opt/anaconda3/lib/python3.11/site-packages/scipy/sparse/_index.py:174: SparseEfficiencyWarning: Changing the sparsity structure of a csr_matrix is expensive. lil and dok are more efficient.
  self._set_intXint(row, col, x.flat[0])
/opt/anaconda3/lib/python3.11/site-packages/scipy/sparse/linalg/_dsolve/linsolve.py:606: SparseEfficiencyWarning: splu converted its input to CSC format
  return splu(A).solve
/opt/anaconda3/lib/python3.11/site-packages/scipy/sparse/linalg/_matfuncs.py:707: SparseEfficiencyWarning: spsolve is more efficient when sparse b is in the CSC matrix format
  return spsolve(Q, P)
/opt/anaconda3/lib/python3.11/site-packages/scipy/sparse/_index.py:174: SparseEfficiencyWarning: Changing the sparsity structure of a csr_matrix is expensive. lil and dok are more efficient.
  self._set_intXint(row, col, x.flat[0])
/opt/anaconda3/lib/python3.11/site-packages/scipy/sparse/linalg/_dsolve/linsolve.py:606: SparseEfficiencyWarning: splu converted its input to CSC format
  return splu(A).solve
/opt/anaconda3/lib/python3.11/site-packages/scipy/sparse/linalg/_matfuncs.py:707: SparseEfficiencyWarning: spsolve is more efficient when sparse b is in the CSC matrix format
  return spsolve(Q, P)
/opt/anaconda3/lib/python3.11/site-packages/scipy/sparse/_index.py:174: SparseEfficiencyWarning: Changing the sparsity structure of a csr_matrix is expensive. lil and dok are more efficient.
  self._set_intXint(row, col, x.flat[0])
/opt/anaconda3/lib/python3.11/site-packages/scipy/sparse/linalg/_dsolve/linsolve.py:606: SparseEfficiencyWarning: splu converted its input to CSC format
  return splu(A).solve
/opt/anaconda3/lib/python3.11/site-packages/scipy/sparse/linalg/_matfuncs.py:707: SparseEfficiencyWarning: spsolve is more efficient when sparse b is in the CSC matrix format
  return spsolve(Q, P)
/opt/anaconda3/lib/python3.11/site-packages/scipy/sparse/_index.py:174: SparseEfficiencyWarning: Changing the sparsity structure of a csr_matrix is expensive. lil and dok are more efficient.
  self._set_intXint(row, col, x.flat[0])
/opt/anaconda3/lib/python3.11/site-packages/scipy/sparse/linalg/_dsolve/linsolve.py:606: SparseEfficiencyWarning: splu converted its input to CSC format
  return splu(A).solve
/opt/anaconda3/lib/python3.11/site-packages/scipy/sparse/linalg/_matfuncs.py:707: SparseEfficiencyWarning: spsolve is more efficient when sparse b is in the CSC matrix format
  return spsolve(Q, P)
/opt/anaconda3/lib/python3.11/site-packages/scipy/sparse/_index.py:174: SparseEfficiencyWarning: Changing the sparsity structure of a csr_matrix is expensive. lil and dok are more efficient.
  self._set_intXint(row, col, x.flat[0])
/opt/anaconda3/lib/python3.11/site-packages/scipy/sparse/linalg/_dsolve/linsolve.py:606: SparseEfficiencyWarning: splu converted its input to CSC format
  return splu(A).solve
/opt/anaconda3/lib/python3.11/site-packages/scipy/sparse/linalg/_matfuncs.py:707: SparseEfficiencyWarning: spsolve is more efficient when sparse b is in the CSC matrix format
  return spsolve(Q, P)
/opt/anaconda3/lib/python3.11/site-packages/scipy/sparse/_index.py:174: SparseEfficiencyWarning: Changing the sparsity structure of a csr_matrix is expensive. lil and dok are more efficient.
  self._set_intXint(row, col, x.flat[0])
/opt/anaconda3/lib/python3.11/site-packages/scipy/sparse/linalg/_dsolve/linsolve.py:606: SparseEfficiencyWarning: splu converted its input to CSC format
  return splu(A).solve
/opt/anaconda3/lib/python3.11/site-packages/scipy/sparse/linalg/_matfuncs.py:707: SparseEfficiencyWarning: spsolve is more efficient when sparse b is in the CSC matrix format
  return spsolve(Q, P)
/opt/anaconda3/lib/python3.11/site-packages/scipy/sparse/_index.py:174: SparseEfficiencyWarning: Changing the sparsity structure of a csr_matrix is expensive. lil and dok are more efficient.
  self._set_intXint(row, col, x.flat[0])
/opt/anaconda3/lib/python3.11/site-packages/scipy/sparse/linalg/_dsolve/linsolve.py:606: SparseEfficiencyWarning: splu converted its input to CSC format
  return splu(A).solve
/opt/anaconda3/lib/python3.11/site-packages/scipy/sparse/linalg/_matfuncs.py:707: SparseEfficiencyWarning: spsolve is more efficient when sparse b is in the CSC matrix format
  return spsolve(Q, P)
/opt/anaconda3/lib/python3.11/site-packages/scipy/sparse/_index.py:174: SparseEfficiencyWarning: Changing the sparsity structure of a csr_matrix is expensive. lil and dok are more efficient.
  self._set_intXint(row, col, x.flat[0])
/opt/anaconda3/lib/python3.11/site-packages/scipy/sparse/linalg/_dsolve/linsolve.py:606: SparseEfficiencyWarning: splu converted its input to CSC format
  return splu(A).solve
/opt/anaconda3/lib/python3.11/site-packages/scipy/sparse/linalg/_matfuncs.py:707: SparseEfficiencyWarning: spsolve is more efficient when sparse b is in the CSC matrix format
  return spsolve(Q, P)
/opt/anaconda3/lib/python3.11/site-packages/scipy/sparse/_index.py:174: SparseEfficiencyWarning: Changing the sparsity structure of a csr_matrix is expensive. lil and dok are more efficient.
  self._set_intXint(row, col, x.flat[0])
/opt/anaconda3/lib/python3.11/site-packages/scipy/sparse/linalg/_dsolve/linsolve.py:606: SparseEfficiencyWarning: splu converted its input to CSC format
  return splu(A).solve
/opt/anaconda3/lib/python3.11/site-packages/scipy/sparse/linalg/_matfuncs.py:707: SparseEfficiencyWarning: spsolve is more efficient when sparse b is in the CSC matrix format
  return spsolve(Q, P)
/opt/anaconda3/lib/python3.11/site-packages/scipy/sparse/_index.py:174: SparseEfficiencyWarning: Changing the sparsity structure of a csr_matrix is expensive. lil and dok are more efficient.
  self._set_intXint(row, col, x.flat[0])
/opt/anaconda3/lib/python3.11/site-packages/scipy/sparse/linalg/_dsolve/linsolve.py:606: SparseEfficiencyWarning: splu converted its input to CSC format
  return splu(A).solve
/opt/anaconda3/lib/python3.11/site-packages/scipy/sparse/linalg/_matfuncs.py:707: SparseEfficiencyWarning: spsolve is more efficient when sparse b is in the CSC matrix format
  return spsolve(Q, P)
/opt/anaconda3/lib/python3.11/site-packages/scipy/sparse/_index.py:174: SparseEfficiencyWarning: Changing the sparsity structure of a csr_matrix is expensive. lil and dok are more efficient.
  self._set_intXint(row, col, x.flat[0])
/opt/anaconda3/lib/python3.11/site-packages/scipy/sparse/linalg/_dsolve/linsolve.py:606: SparseEfficiencyWarning: splu converted its input to CSC format
  return splu(A).solve
/opt/anaconda3/lib/python3.11/site-packages/scipy/sparse/linalg/_matfuncs.py:707: SparseEfficiencyWarning: spsolve is more efficient when sparse b is in the CSC matrix format
  return spsolve(Q, P)
/opt/anaconda3/lib/python3.11/site-packages/scipy/sparse/_index.py:174: SparseEfficiencyWarning: Changing the sparsity structure of a csr_matrix is expensive. lil and dok are more efficient.
  self._set_intXint(row, col, x.flat[0])
/opt/anaconda3/lib/python3.11/site-packages/scipy/sparse/linalg/_dsolve/linsolve.py:606: SparseEfficiencyWarning: splu converted its input to CSC format
  return splu(A).solve
/opt/anaconda3/lib/python3.11/site-packages/scipy/sparse/linalg/_matfuncs.py:707: SparseEfficiencyWarning: spsolve is more efficient when sparse b is in the CSC matrix format
  return spsolve(Q, P)
/opt/anaconda3/lib/python3.11/site-packages/scipy/sparse/_index.py:174: SparseEfficiencyWarning: Changing the sparsity structure of a csr_matrix is expensive. lil and dok are more efficient.
  self._set_intXint(row, col, x.flat[0])
/Users/lgandolfi/Desktop/AI/Github/Qiskit-QuantumComputing/qiskit_python/qiskit120_fixed.py:303: DeprecationWarning: The method ``qiskit_optimization.problems.quadratic_program.QuadraticProgram.export_as_lp_string()`` is deprecated as of Qiskit 0.7.0. It will be removed no earlier than 3 months after the release date. Use prettyprint instead.
  "qp_lp": qp.export_as_lp_string(),
\ This file has been generated by DOcplex
\ ENCODING=ISO-8859-1
\Problem name: ex120_server

Minimize
 obj: si0 + si1 + si2 + si3 + si4 + si5 + [ 2 vj0i0*uj0 + 2 vj0i1*uj0
      + 2 vj0i2*uj0 + 2 vj0i3*uj0 + 2 vj0i4*uj0 + 2 vj0i5*uj0 + 2 vj1i0*uj1
      + 2 vj1i1*uj1 + 2 vj1i2*uj1 + 2 vj1i3*uj1 + 2 vj1i4*uj1 + 2 vj1i5*uj1
      + 2 vj2i0*uj2 + 2 vj2i1*uj2 + 2 vj2i2*uj2 + 2 vj2i3*uj2 + 2 vj2i4*uj2
      + 2 vj2i5*uj2 + 2 vj3i0*uj3 + 2 vj3i1*uj3 + 2 vj3i2*uj3 + 2 vj3i3*uj3
      + 2 vj3i4*uj3 + 2 vj3i5*uj3 + 2 vj4i0*uj4 + 2 vj4i1*uj4 + 2 vj4i2*uj4
      + 2 vj4i3*uj4 + 2 vj4i4*uj4 + 2 vj4i5*uj4 + 2 vj5i0*uj5 + 2 vj5i1*uj5
      + 2 vj5i2*uj5 + 2 vj5i3*uj5 + 2 vj5i4*uj5 + 2 vj5i5*uj5 ]/2
Subject To
 cons_server_load_0: vj0i0 + vj1i0 + vj2i0 + vj3i0 + vj4i0 + vj5i0 >= 10
 cons_server_load_1: vj0i1 + vj1i1 + vj2i1 + vj3i1 + vj4i1 + vj5i1 >= 10
 cons_server_load_2: vj0i2 + vj1i2 + vj2i2 + vj3i2 + vj4i2 + vj5i2 >= 10
 cons_server_load_3: vj0i3 + vj1i3 + vj2i3 + vj3i3 + vj4i3 + vj5i3 >= 9
 cons_server_load_4: vj0i4 + vj1i4 + vj2i4 + vj3i4 + vj4i4 + vj5i4 >= 9
 cons_server_load_5: vj0i5 + vj1i5 + vj2i5 + vj3i5 + vj4i5 + vj5i5 >= 9
 cons_first3vm_server_0: vj0i0 + vj1i0 + vj2i0 >= 11
 cons_first3vm_server_1: vj0i1 + vj1i1 + vj2i1 >= 11
 cons_first3vm_server_2: vj0i2 + vj1i2 + vj2i2 >= 11
 cons_server_on_0: si0 = 1
 cons_server_on_1: si1 = 1
 cons_server_on_2: si2 = 1
 cons_server_on_3: si3 = 1
 cons_server_on_4: si4 = 1
 cons_server_on_5: si5 = 1
 cons_vm_alloc_0: vj0i0 + vj0i1 + vj0i2 + vj0i3 + vj0i4 + vj0i5 <= 8
 cons_vm_alloc_1: vj1i0 + vj1i1 + vj1i2 + vj1i3 + vj1i4 + vj1i5 <= 10
 cons_vm_alloc_2: vj2i0 + vj2i1 + vj2i2 + vj2i3 + vj2i4 + vj2i5 <= 12
 cons_vm_alloc_3: vj3i0 + vj3i1 + vj3i2 + vj3i3 + vj3i4 + vj3i5 <= 11
 cons_vm_alloc_4: vj4i0 + vj4i1 + vj4i2 + vj4i3 + vj4i4 + vj4i5 <= 9
 cons_vm_alloc_5: vj5i0 + vj5i1 + vj5i2 + vj5i3 + vj5i4 + vj5i5 <= 9
 cons_min_cpu_vm_0: uj0 >= 1
 cons_min_cpu_vm_1: uj1 >= 1
 cons_min_cpu_vm_2: uj2 >= 1
 cons_min_cpu_vm_3: uj3 >= 1
 cons_min_cpu_vm_4: uj4 >= 1
 cons_min_cpu_vm_5: uj5 >= 1

Bounds
 0 <= si0 <= 1
 0 <= si1 <= 1
 0 <= si2 <= 1
 0 <= si3 <= 1
 0 <= si4 <= 1
 0 <= si5 <= 1

Binaries
 si0 si1 si2 si3 si4 si5
End


============================================================
  SOLUZIONE CLASSICA  (Exact QUBO + COBYLA)
============================================================
Compatibilità ADMM con il problema:

Tempo: 632.98 secondi

============================================================
  SOLUZIONE QUANTISTICA  (QAOA + COBYLA)
============================================================
Tempo: 1247.47 secondi

============================================================
  CONFRONTO
============================================================
Classico -> Obiettivo: 56.1403  | Status: INFEASIBLE
Quantistico -> Obiettivo: 59.8208  | Status: INFEASIBLE
Risultati salvati in: q_20260317_233647_results.json
Immagine combinata salvata in: q_20260317_233647_risultati.png
