Command: /opt/anaconda3/bin/python /Users/lgandolfi/Desktop/AI/Github/Qiskit-QuantumComputing/qiskit_python/qiskit120_fixed.py --n_servers 1 --n_vms 4

default_vm_alloc      : [10, 9, 12, 8]
vm_allocation_limits  : [10, 9, 12, 8]
/Users/lgandolfi/Desktop/AI/Github/Qiskit-QuantumComputing/qiskit_python/qiskit120_fixed.py:181: DeprecationWarning: The method ``qiskit_optimization.problems.quadratic_program.QuadraticProgram.export_as_lp_string()`` is deprecated as of Qiskit 0.7.0. It will be removed no earlier than 3 months after the release date. Use prettyprint instead.
  print(qp.export_as_lp_string())
=== Quadratic Program (LP) ===
/opt/anaconda3/lib/python3.11/site-packages/scipy/sparse/linalg/_dsolve/linsolve.py:606: SparseEfficiencyWarning: splu converted its input to CSC format
  return splu(A).solve
/opt/anaconda3/lib/python3.11/site-packages/scipy/sparse/linalg/_matfuncs.py:707: SparseEfficiencyWarning: spsolve is more efficient when sparse b is in the CSC matrix format
  return spsolve(Q, P)
/Users/lgandolfi/Desktop/AI/Github/Qiskit-QuantumComputing/qiskit_python/qiskit120_fixed.py:303: DeprecationWarning: The method ``qiskit_optimization.problems.quadratic_program.QuadraticProgram.export_as_lp_string()`` is deprecated as of Qiskit 0.7.0. It will be removed no earlier than 3 months after the release date. Use prettyprint instead.
  "qp_lp": qp.export_as_lp_string(),
\ This file has been generated by DOcplex
\ ENCODING=ISO-8859-1
\Problem name: ex120_server

Minimize
 obj: si0 + [ 2 vj0i0*uj0 + 2 vj1i0*uj1 + 2 vj2i0*uj2 + 2 vj3i0*uj3 ]/2
Subject To
 cons_server_load_0: vj0i0 + vj1i0 + vj2i0 + vj3i0 >= 10
 cons_first3vm_server_0: vj0i0 + vj1i0 + vj2i0 >= 11
 cons_server_on_0: si0 = 1
 cons_vm_alloc_0: vj0i0 <= 10
 cons_vm_alloc_1: vj1i0 <= 9
 cons_vm_alloc_2: vj2i0 <= 12
 cons_vm_alloc_3: vj3i0 <= 8
 cons_min_cpu_vm_0: uj0 >= 1
 cons_min_cpu_vm_1: uj1 >= 1
 cons_min_cpu_vm_2: uj2 >= 1
 cons_min_cpu_vm_3: uj3 >= 1

Bounds
 0 <= si0 <= 1

Binaries
 si0
End


============================================================
  SOLUZIONE CLASSICA  (Exact QUBO + COBYLA)
============================================================
Compatibilità ADMM con il problema:

Tempo: 0.35 secondi

============================================================
  SOLUZIONE QUANTISTICA  (QAOA + COBYLA)
============================================================
Tempo: 1.09 secondi

============================================================
  CONFRONTO
============================================================
Classico -> Obiettivo: 11.9997  | Status: INFEASIBLE
Quantistico -> Obiettivo: 10.9997  | Status: INFEASIBLE
Risultati salvati in: q_20260317_192014_results.json
Immagine combinata salvata in: q_20260317_192014_risultati.png
